{"/home/user/lehmanfeecalculator/src/utils/lehmanCalculator.ts": {"path":"/home/user/lehmanfeecalculator/src/utils/lehmanCalculator.ts","statementMap":{"0":{"start":{"line":31,"column":28},"end":{"line":31,"column":null}},"1":{"start":{"line":34,"column":24},"end":{"line":34,"column":null}},"2":{"start":{"line":40,"column":2},"end":{"line":43,"column":null}},"3":{"start":{"line":54,"column":15},"end":{"line":54,"column":null}},"4":{"start":{"line":55,"column":21},"end":{"line":55,"column":null}},"5":{"start":{"line":56,"column":19},"end":{"line":58,"column":null}},"6":{"start":{"line":60,"column":15},"end":{"line":60,"column":null}},"7":{"start":{"line":62,"column":2},"end":{"line":65,"column":null}},"8":{"start":{"line":63,"column":23},"end":{"line":63,"column":null}},"9":{"start":{"line":64,"column":4},"end":{"line":64,"column":null}},"10":{"start":{"line":67,"column":2},"end":{"line":73,"column":null}},"11":{"start":{"line":80,"column":43},"end":{"line":80,"column":null}},"12":{"start":{"line":83,"column":2},"end":{"line":85,"column":null}},"13":{"start":{"line":84,"column":4},"end":{"line":84,"column":null}},"14":{"start":{"line":88,"column":14},"end":{"line":88,"column":null}},"15":{"start":{"line":91,"column":21},"end":{"line":91,"column":null}},"16":{"start":{"line":94,"column":34},"end":{"line":94,"column":null}},"17":{"start":{"line":95,"column":17},"end":{"line":95,"column":null}},"18":{"start":{"line":98,"column":2},"end":{"line":102,"column":null}},"19":{"start":{"line":98,"column":15},"end":{"line":98,"column":18}},"20":{"start":{"line":99,"column":20},"end":{"line":99,"column":null}},"21":{"start":{"line":100,"column":4},"end":{"line":100,"column":null}},"22":{"start":{"line":101,"column":4},"end":{"line":101,"column":null}},"23":{"start":{"line":104,"column":2},"end":{"line":110,"column":null}},"24":{"start":{"line":121,"column":2},"end":{"line":126,"column":null}},"25":{"start":{"line":122,"column":4},"end":{"line":125,"column":null}},"26":{"start":{"line":128,"column":23},"end":{"line":128,"column":null}},"27":{"start":{"line":130,"column":2},"end":{"line":135,"column":null}},"28":{"start":{"line":131,"column":4},"end":{"line":134,"column":null}},"29":{"start":{"line":137,"column":2},"end":{"line":142,"column":null}},"30":{"start":{"line":138,"column":4},"end":{"line":141,"column":null}},"31":{"start":{"line":144,"column":2},"end":{"line":149,"column":null}},"32":{"start":{"line":145,"column":4},"end":{"line":148,"column":null}},"33":{"start":{"line":151,"column":2},"end":{"line":154,"column":null}}},"fnMap":{"0":{"name":"formatCurrency","decl":{"start":{"line":39,"column":16},"end":{"line":39,"column":31}},"loc":{"start":{"line":39,"column":54},"end":{"line":44,"column":null}},"line":39},"1":{"name":"calculateTierFee","decl":{"start":{"line":49,"column":9},"end":{"line":49,"column":null}},"loc":{"start":{"line":53,"column":11},"end":{"line":74,"column":null}},"line":53},"2":{"name":"calculateLehmanFee","decl":{"start":{"line":79,"column":16},"end":{"line":79,"column":35}},"loc":{"start":{"line":79,"column":79},"end":{"line":111,"column":null}},"line":79},"3":{"name":"validateInput","decl":{"start":{"line":116,"column":16},"end":{"line":116,"column":30}},"loc":{"start":{"line":120,"column":2},"end":{"line":155,"column":null}},"line":120}},"branchMap":{"0":{"loc":{"start":{"line":56,"column":19},"end":{"line":58,"column":null}},"type":"cond-expr","locations":[{"start":{"line":57,"column":6},"end":{"line":57,"column":null}},{"start":{"line":58,"column":6},"end":{"line":58,"column":null}}],"line":56},"1":{"loc":{"start":{"line":62,"column":2},"end":{"line":65,"column":null}},"type":"if","locations":[{"start":{"line":62,"column":2},"end":{"line":65,"column":null}},{"start":{},"end":{}}],"line":62},"2":{"loc":{"start":{"line":83,"column":2},"end":{"line":85,"column":null}},"type":"if","locations":[{"start":{"line":83,"column":2},"end":{"line":85,"column":null}},{"start":{},"end":{}}],"line":83},"3":{"loc":{"start":{"line":83,"column":6},"end":{"line":83,"column":34}},"type":"binary-expr","locations":[{"start":{"line":83,"column":6},"end":{"line":83,"column":20}},{"start":{"line":83,"column":20},"end":{"line":83,"column":34}}],"line":83},"4":{"loc":{"start":{"line":91,"column":21},"end":{"line":91,"column":null}},"type":"cond-expr","locations":[{"start":{"line":91,"column":47},"end":{"line":91,"column":51}},{"start":{"line":91,"column":51},"end":{"line":91,"column":null}}],"line":91},"5":{"loc":{"start":{"line":121,"column":2},"end":{"line":126,"column":null}},"type":"if","locations":[{"start":{"line":121,"column":2},"end":{"line":126,"column":null}},{"start":{},"end":{}}],"line":121},"6":{"loc":{"start":{"line":121,"column":6},"end":{"line":121,"column":37}},"type":"binary-expr","locations":[{"start":{"line":121,"column":6},"end":{"line":121,"column":16}},{"start":{"line":121,"column":16},"end":{"line":121,"column":37}}],"line":121},"7":{"loc":{"start":{"line":130,"column":2},"end":{"line":135,"column":null}},"type":"if","locations":[{"start":{"line":130,"column":2},"end":{"line":135,"column":null}},{"start":{},"end":{}}],"line":130},"8":{"loc":{"start":{"line":137,"column":2},"end":{"line":142,"column":null}},"type":"if","locations":[{"start":{"line":137,"column":2},"end":{"line":142,"column":null}},{"start":{},"end":{}}],"line":137},"9":{"loc":{"start":{"line":144,"column":2},"end":{"line":149,"column":null}},"type":"if","locations":[{"start":{"line":144,"column":2},"end":{"line":149,"column":null}},{"start":{},"end":{}}],"line":144}},"s":{"0":1,"1":1,"2":26,"3":55,"4":55,"5":55,"6":55,"7":55,"8":31,"9":31,"10":55,"11":13,"12":13,"13":2,"14":11,"15":11,"16":13,"17":13,"18":13,"19":13,"20":55,"21":55,"22":55,"23":11,"24":8,"25":2,"26":6,"27":6,"28":1,"29":5,"30":1,"31":4,"32":1,"33":3},"f":{"0":26,"1":55,"2":13,"3":8},"b":{"0":[44,11],"1":[31,24],"2":[2,11],"3":[13,12],"4":[1,10],"5":[2,6],"6":[8,7],"7":[1,5],"8":[1,4],"9":[1,3]},"meta":{"lastBranch":10,"lastFunction":4,"lastStatement":34,"seen":{"s:31:28:31:Infinity":0,"s:34:24:34:Infinity":1,"f:39:16:39:31":0,"s:40:2:43:Infinity":2,"f:49:9:49:Infinity":1,"s:54:15:54:Infinity":3,"s:55:21:55:Infinity":4,"s:56:19:58:Infinity":5,"b:57:6:57:Infinity:58:6:58:Infinity":0,"s:60:15:60:Infinity":6,"b:62:2:65:Infinity:undefined:undefined:undefined:undefined":1,"s:62:2:65:Infinity":7,"s:63:23:63:Infinity":8,"s:64:4:64:Infinity":9,"s:67:2:73:Infinity":10,"f:79:16:79:35":2,"s:80:43:80:Infinity":11,"b:83:2:85:Infinity:undefined:undefined:undefined:undefined":2,"s:83:2:85:Infinity":12,"b:83:6:83:20:83:20:83:34":3,"s:84:4:84:Infinity":13,"s:88:14:88:Infinity":14,"s:91:21:91:Infinity":15,"b:91:47:91:51:91:51:91:Infinity":4,"s:94:34:94:Infinity":16,"s:95:17:95:Infinity":17,"s:98:2:102:Infinity":18,"s:98:15:98:18":19,"s:99:20:99:Infinity":20,"s:100:4:100:Infinity":21,"s:101:4:101:Infinity":22,"s:104:2:110:Infinity":23,"f:116:16:116:30":3,"b:121:2:126:Infinity:undefined:undefined:undefined:undefined":5,"s:121:2:126:Infinity":24,"b:121:6:121:16:121:16:121:37":6,"s:122:4:125:Infinity":25,"s:128:23:128:Infinity":26,"b:130:2:135:Infinity:undefined:undefined:undefined:undefined":7,"s:130:2:135:Infinity":27,"s:131:4:134:Infinity":28,"b:137:2:142:Infinity:undefined:undefined:undefined:undefined":8,"s:137:2:142:Infinity":29,"s:138:4:141:Infinity":30,"b:144:2:149:Infinity:undefined:undefined:undefined:undefined":9,"s:144:2:149:Infinity":31,"s:145:4:148:Infinity":32,"s:151:2:154:Infinity":33}}}
}
